2026-04-25 08:11:53,521 - aqt.main - INFO - installer 123414865297728 aqtinstall(aqt) v3.3.0 on Python 3.12.3 [CPython GCC 13.3.0]
2026-04-25 08:11:53,522 - aqt.helper - DEBUG - helper 123414865297728 Attempt to download checksum at https://download.qt.io/online/qtsdkrepository/linux_x64/desktop/qt6_673/Updates.xml.sha256
2026-04-25 08:11:56,222 - aqt.helper - DEBUG - helper 136561939435840 Attempt to download checksum at https://download.qt.io/online/qtsdkrepository/linux_x64/desktop/qt6_673/qt.qt6.673.linux_gcc_64/6.7.3-0-202409200836qtbase-Linux-RHEL_8_8-GCC-Linux-RHEL_8_8-X86_64.7z.sha256
2026-04-25 08:11:56,222 - aqt.helper - DEBUG - helper 140038515036480 Attempt to download checksum at https://download.qt.io/online/qtsdkrepository/linux_x64/desktop/qt6_673/qt.qt6.673.linux_gcc_64/6.7.3-0-202409200836qtsvg-Linux-RHEL_8_8-GCC-Linux-RHEL_8_8-X86_64.7z.sha256
2026-04-25 08:11:56,223 - aqt.helper - DEBUG - helper 131675915718976 Attempt to download checksum at https://download.qt.io/online/qtsdkrepository/linux_x64/desktop/qt6_673/qt.qt6.673.linux_gcc_64/6.7.3-0-202409200836qtdeclarative-Linux-RHEL_8_8-GCC-Linux-RHEL_8_8-X86_64.7z.sha256
2026-04-25 08:11:56,224 - aqt.helper - DEBUG - helper 127319134474560 Attempt to download checksum at https://download.qt.io/online/qtsdkrepository/linux_x64/desktop/qt6_673/qt.qt6.673.addons.qtwebsockets.linux_gcc_64/6.7.3-0-202409200836qtwebsockets-Linux-RHEL_8_8-GCC-Linux-RHEL_8_8-X86_64.7z.sha256
2026-04-25 08:11:57,459 - aqt.helper - INFO - helper 140038515036480 Downloading qtsvg...
2026-04-25 08:11:57,459 - aqt.installer - DEBUG - installer 140038515036480 Download URL: https://download.qt.io/online/qtsdkrepository/linux_x64/desktop/qt6_673/qt.qt6.673.linux_gcc_64/6.7.3-0-202409200836qtsvg-Linux-RHEL_8_8-GCC-Linux-RHEL_8_8-X86_64.7z
2026-04-25 08:11:57,475 - aqt.helper - INFO - helper 127319134474560 Downloading qtwebsockets...
2026-04-25 08:11:57,475 - aqt.installer - DEBUG - installer 127319134474560 Download URL: https://download.qt.io/online/qtsdkrepository/linux_x64/desktop/qt6_673/qt.qt6.673.addons.qtwebsockets.linux_gcc_64/6.7.3-0-202409200836qtwebsockets-Linux-RHEL_8_8-GCC-Linux-RHEL_8_8-X86_64.7z
2026-04-25 08:11:57,485 - aqt.helper - INFO - helper 131675915718976 Downloading qtdeclarative...
2026-04-25 08:11:57,486 - aqt.helper - INFO - helper 136561939435840 Downloading qtbase...
2026-04-25 08:11:57,485 - aqt.installer - DEBUG - installer 131675915718976 Download URL: https://download.qt.io/online/qtsdkrepository/linux_x64/desktop/qt6_673/qt.qt6.673.linux_gcc_64/6.7.3-0-202409200836qtdeclarative-Linux-RHEL_8_8-GCC-Linux-RHEL_8_8-X86_64.7z
2026-04-25 08:11:57,486 - aqt.installer - DEBUG - installer 136561939435840 Download URL: https://download.qt.io/online/qtsdkrepository/linux_x64/desktop/qt6_673/qt.qt6.673.linux_gcc_64/6.7.3-0-202409200836qtbase-Linux-RHEL_8_8-GCC-Linux-RHEL_8_8-X86_64.7z
2026-04-25 08:11:58,695 - aqt.helper - DEBUG - helper 140038515036480 Asked to redirect(302) to: https://mirror.aarnet.edu.au/pub/qtproject/online/qtsdkrepository/linux_x64/desktop/qt6_673/qt.qt6.673.linux_gcc_64/6.7.3-0-202409200836qtsvg-Linux-RHEL_8_8-GCC-Linux-RHEL_8_8-X86_64.7z
2026-04-25 08:11:58,696 - aqt.helper - INFO - helper 140038515036480 Redirected: mirror.aarnet.edu.au
2026-04-25 08:11:58,704 - aqt.helper - DEBUG - helper 127319134474560 Asked to redirect(302) to: https://mirror.aarnet.edu.au/pub/qtproject/online/qtsdkrepository/linux_x64/desktop/qt6_673/qt.qt6.673.addons.qtwebsockets.linux_gcc_64/6.7.3-0-202409200836qtwebsockets-Linux-RHEL_8_8-GCC-Linux-RHEL_8_8-X86_64.7z
2026-04-25 08:11:58,704 - aqt.helper - INFO - helper 127319134474560 Redirected: mirror.aarnet.edu.au
2026-04-25 08:11:58,705 - aqt.helper - DEBUG - helper 131675915718976 Asked to redirect(302) to: https://mirror.aarnet.edu.au/pub/qtproject/online/qtsdkrepository/linux_x64/desktop/qt6_673/qt.qt6.673.linux_gcc_64/6.7.3-0-202409200836qtdeclarative-Linux-RHEL_8_8-GCC-Linux-RHEL_8_8-X86_64.7z
2026-04-25 08:11:58,705 - aqt.helper - INFO - helper 131675915718976 Redirected: mirror.aarnet.edu.au
2026-04-25 08:11:58,720 - aqt.helper - DEBUG - helper 136561939435840 Asked to redirect(302) to: https://mirror.aarnet.edu.au/pub/qtproject/online/qtsdkrepository/linux_x64/desktop/qt6_673/qt.qt6.673.linux_gcc_64/6.7.3-0-202409200836qtbase-Linux-RHEL_8_8-GCC-Linux-RHEL_8_8-X86_64.7z
2026-04-25 08:11:58,720 - aqt.helper - INFO - helper 136561939435840 Redirected: mirror.aarnet.edu.au
2026-04-25 08:11:59,801 - aqt.installer - INFO - installer 127319134474560 Finished installation of qtwebsockets-Linux-RHEL_8_8-GCC-Linux-RHEL_8_8-X86_64.7z in 3.58041998
2026-04-25 08:11:59,813 - aqt.helper - DEBUG - helper 127319134474560 Attempt to download checksum at https://download.qt.io/online/qtsdkrepository/linux_x64/desktop/qt6_673/qt.qt6.673.linux_gcc_64/6.7.3-0-202409200836qttools-Linux-RHEL_8_8-GCC-Linux-RHEL_8_8-X86_64.7z.sha256
2026-04-25 08:11:59,901 - aqt.installer - INFO - installer 140038515036480 Finished installation of qtsvg-Linux-RHEL_8_8-GCC-Linux-RHEL_8_8-X86_64.7z in 3.67911409
2026-04-25 08:11:59,920 - aqt.helper - DEBUG - helper 140038515036480 Attempt to download checksum at https://download.qt.io/online/qtsdkrepository/linux_x64/desktop/qt6_673/qt.qt6.673.linux_gcc_64/6.7.3-0-202409200836qttranslations-Linux-RHEL_8_8-GCC-Linux-RHEL_8_8-X86_64.7z.sha256
2026-04-25 08:12:01,025 - aqt.helper - INFO - helper 127319134474560 Downloading qttools...
2026-04-25 08:12:01,025 - aqt.installer - DEBUG - installer 127319134474560 Download URL: https://download.qt.io/online/qtsdkrepository/linux_x64/desktop/qt6_673/qt.qt6.673.linux_gcc_64/6.7.3-0-202409200836qttools-Linux-RHEL_8_8-GCC-Linux-RHEL_8_8-X86_64.7z
2026-04-25 08:12:02,009 - aqt.helper - INFO - helper 140038515036480 Downloading qttranslations...
2026-04-25 08:12:02,009 - aqt.installer - DEBUG - installer 140038515036480 Download URL: https://download.qt.io/online/qtsdkrepository/linux_x64/desktop/qt6_673/qt.qt6.673.linux_gcc_64/6.7.3-0-202409200836qttranslations-Linux-RHEL_8_8-GCC-Linux-RHEL_8_8-X86_64.7z
2026-04-25 08:12:02,271 - aqt.helper - DEBUG - helper 127319134474560 Asked to redirect(302) to: https://mirror.aarnet.edu.au/pub/qtproject/online/qtsdkrepository/linux_x64/desktop/qt6_673/qt.qt6.673.linux_gcc_64/6.7.3-0-202409200836qttools-Linux-RHEL_8_8-GCC-Linux-RHEL_8_8-X86_64.7z
2026-04-25 08:12:02,271 - aqt.helper - INFO - helper 127319134474560 Redirected: mirror.aarnet.edu.au
2026-04-25 08:12:02,326 - aqt.installer - INFO - installer 136561939435840 Finished installation of qtbase-Linux-RHEL_8_8-GCC-Linux-RHEL_8_8-X86_64.7z in 6.10481780
2026-04-25 08:12:02,338 - aqt.helper - DEBUG - helper 136561939435840 Attempt to download checksum at https://download.qt.io/online/qtsdkrepository/linux_x64/desktop/qt6_673/qt.qt6.673.linux_gcc_64/6.7.3-0-202409200836qtwayland-Linux-RHEL_8_8-GCC-Linux-RHEL_8_8-X86_64.7z.sha256
2026-04-25 08:12:03,227 - aqt.helper - DEBUG - helper 140038515036480 Asked to redirect(302) to: https://mirror.aarnet.edu.au/pub/qtproject/online/qtsdkrepository/linux_x64/desktop/qt6_673/qt.qt6.673.linux_gcc_64/6.7.3-0-202409200836qttranslations-Linux-RHEL_8_8-GCC-Linux-RHEL_8_8-X86_64.7z
2026-04-25 08:12:03,227 - aqt.helper - INFO - helper 140038515036480 Redirected: mirror.aarnet.edu.au
2026-04-25 08:12:03,614 - aqt.helper - INFO - helper 136561939435840 Downloading qtwayland...
2026-04-25 08:12:03,614 - aqt.installer - DEBUG - installer 136561939435840 Download URL: https://download.qt.io/online/qtsdkrepository/linux_x64/desktop/qt6_673/qt.qt6.673.linux_gcc_64/6.7.3-0-202409200836qtwayland-Linux-RHEL_8_8-GCC-Linux-RHEL_8_8-X86_64.7z
2026-04-25 08:12:03,899 - aqt.installer - INFO - installer 140038515036480 Finished installation of qttranslations-Linux-RHEL_8_8-GCC-Linux-RHEL_8_8-X86_64.7z in 3.98309916
2026-04-25 08:12:03,907 - aqt.helper - DEBUG - helper 140038515036480 Attempt to download checksum at https://download.qt.io/online/qtsdkrepository/linux_x64/desktop/qt6_673/qt.qt6.673.linux_gcc_64/6.7.3-0-202409200836icu-linux-Rhel8.6-x86_64.7z.sha256
2026-04-25 08:12:04,818 - aqt.helper - DEBUG - helper 136561939435840 Asked to redirect(302) to: https://mirror.aarnet.edu.au/pub/qtproject/online/qtsdkrepository/linux_x64/desktop/qt6_673/qt.qt6.673.linux_gcc_64/6.7.3-0-202409200836qtwayland-Linux-RHEL_8_8-GCC-Linux-RHEL_8_8-X86_64.7z
2026-04-25 08:12:04,818 - aqt.helper - INFO - helper 136561939435840 Redirected: mirror.aarnet.edu.au
2026-04-25 08:12:05,110 - aqt.helper - INFO - helper 140038515036480 Downloading icu...
2026-04-25 08:12:05,110 - aqt.installer - DEBUG - installer 140038515036480 Download URL: https://download.qt.io/online/qtsdkrepository/linux_x64/desktop/qt6_673/qt.qt6.673.linux_gcc_64/6.7.3-0-202409200836icu-linux-Rhel8.6-x86_64.7z
2026-04-25 08:12:05,303 - aqt.installer - INFO - installer 136561939435840 Finished installation of qtwayland-Linux-RHEL_8_8-GCC-Linux-RHEL_8_8-X86_64.7z in 2.96711511
2026-04-25 08:12:05,548 - aqt.installer - INFO - installer 127319134474560 Finished installation of qttools-Linux-RHEL_8_8-GCC-Linux-RHEL_8_8-X86_64.7z in 5.73767492
2026-04-25 08:12:06,329 - aqt.helper - DEBUG - helper 140038515036480 Asked to redirect(302) to: https://mirror.aarnet.edu.au/pub/qtproject/online/qtsdkrepository/linux_x64/desktop/qt6_673/qt.qt6.673.linux_gcc_64/6.7.3-0-202409200836icu-linux-Rhel8.6-x86_64.7z
2026-04-25 08:12:06,330 - aqt.helper - INFO - helper 140038515036480 Redirected: mirror.aarnet.edu.au
2026-04-25 08:12:07,605 - aqt.installer - INFO - installer 140038515036480 Finished installation of icu-linux-Rhel8.6-x86_64.7z in 3.69911631
2026-04-25 08:12:09,345 - aqt.installer - INFO - installer 131675915718976 Finished installation of qtdeclarative-Linux-RHEL_8_8-GCC-Linux-RHEL_8_8-X86_64.7z in 13.12292992
2026-04-25 08:12:09,409 - aqt.updater - INFO - updater 123414865297728 Patching /home/raoul/Qt/6.7.3/gcc_64/bin/qmake
2026-04-25 08:12:09,414 - aqt.updater - INFO - updater 123414865297728 Patching /home/raoul/Qt/6.7.3/gcc_64/lib/pkgconfig/Qt6Core.pc
2026-04-25 08:12:09,414 - aqt.updater - INFO - updater 123414865297728 Patching /home/raoul/Qt/6.7.3/gcc_64/lib/pkgconfig/Qt6QuickLayouts.pc
2026-04-25 08:12:09,414 - aqt.updater - INFO - updater 123414865297728 Patching /home/raoul/Qt/6.7.3/gcc_64/lib/pkgconfig/Qt6QmlWorkerScript.pc
2026-04-25 08:12:09,414 - aqt.updater - INFO - updater 123414865297728 Patching /home/raoul/Qt/6.7.3/gcc_64/lib/pkgconfig/Qt6LabsAnimation.pc
2026-04-25 08:12:09,414 - aqt.updater - INFO - updater 123414865297728 Patching /home/raoul/Qt/6.7.3/gcc_64/lib/pkgconfig/Qt6QuickTemplates2.pc
2026-04-25 08:12:09,414 - aqt.updater - INFO - updater 123414865297728 Patching /home/raoul/Qt/6.7.3/gcc_64/lib/pkgconfig/Qt6QuickControls2Imagine.pc
2026-04-25 08:12:09,414 - aqt.updater - INFO - updater 123414865297728 Patching /home/raoul/Qt/6.7.3/gcc_64/lib/pkgconfig/Qt6QuickControls2Basic.pc
2026-04-25 08:12:09,414 - aqt.updater - INFO - updater 123414865297728 Patching /home/raoul/Qt/6.7.3/gcc_64/lib/pkgconfig/Qt6QmlCore.pc
2026-04-25 08:12:09,414 - aqt.updater - INFO - updater 123414865297728 Patching /home/raoul/Qt/6.7.3/gcc_64/lib/pkgconfig/Qt6Quick.pc
2026-04-25 08:12:09,414 - aqt.updater - INFO - updater 123414865297728 Patching /home/raoul/Qt/6.7.3/gcc_64/lib/pkgconfig/Qt6Sql.pc
2026-04-25 08:12:09,415 - aqt.updater - INFO - updater 123414865297728 Patching /home/raoul/Qt/6.7.3/gcc_64/lib/pkgconfig/Qt6QuickDialogs2QuickImpl.pc
2026-04-25 08:12:09,415 - aqt.updater - INFO - updater 123414865297728 Patching /home/raoul/Qt/6.7.3/gcc_64/lib/pkgconfig/Qt6DBus.pc
2026-04-25 08:12:09,415 - aqt.updater - INFO - updater 123414865297728 Patching /home/raoul/Qt/6.7.3/gcc_64/lib/pkgconfig/Qt6Qml.pc
2026-04-25 08:12:09,415 - aqt.updater - INFO - updater 123414865297728 Patching /home/raoul/Qt/6.7.3/gcc_64/lib/pkgconfig/Qt6QuickDialogs2.pc
2026-04-25 08:12:09,415 - aqt.updater - INFO - updater 123414865297728 Patching /home/raoul/Qt/6.7.3/gcc_64/lib/pkgconfig/Qt6QuickControls2FusionStyleImpl.pc
2026-04-25 08:12:09,415 - aqt.updater - INFO - updater 123414865297728 Patching /home/raoul/Qt/6.7.3/gcc_64/lib/pkgconfig/Qt6QuickControls2UniversalStyleImpl.pc
2026-04-25 08:12:09,415 - aqt.updater - INFO - updater 123414865297728 Patching /home/raoul/Qt/6.7.3/gcc_64/lib/pkgconfig/Qt6Concurrent.pc
2026-04-25 08:12:09,415 - aqt.updater - INFO - updater 123414865297728 Patching /home/raoul/Qt/6.7.3/gcc_64/lib/pkgconfig/Qt6Gui.pc
2026-04-25 08:12:09,415 - aqt.updater - INFO - updater 123414865297728 Patching /home/raoul/Qt/6.7.3/gcc_64/lib/pkgconfig/Qt6QuickControls2ImagineStyleImpl.pc
2026-04-25 08:12:09,415 - aqt.updater - INFO - updater 123414865297728 Patching /home/raoul/Qt/6.7.3/gcc_64/lib/pkgconfig/Qt6LabsQmlModels.pc
2026-04-25 08:12:09,415 - aqt.updater - INFO - updater 123414865297728 Patching /home/raoul/Qt/6.7.3/gcc_64/lib/pkgconfig/Qt6QmlLocalStorage.pc
2026-04-25 08:12:09,415 - aqt.updater - INFO - updater 123414865297728 Patching /home/raoul/Qt/6.7.3/gcc_64/lib/pkgconfig/Qt6QuickControls2Universal.pc
2026-04-25 08:12:09,415 - aqt.updater - INFO - updater 123414865297728 Patching /home/raoul/Qt/6.7.3/gcc_64/lib/pkgconfig/Qt6QmlIntegration.pc
2026-04-25 08:12:09,415 - aqt.updater - INFO - updater 123414865297728 Patching /home/raoul/Qt/6.7.3/gcc_64/lib/pkgconfig/Qt6Help.pc
2026-04-25 08:12:09,415 - aqt.updater - INFO - updater 123414865297728 Patching /home/raoul/Qt/6.7.3/gcc_64/lib/pkgconfig/Qt6QmlXmlListModel.pc
2026-04-25 08:12:09,416 - aqt.updater - INFO - updater 123414865297728 Patching /home/raoul/Qt/6.7.3/gcc_64/lib/pkgconfig/Qt6QmlModels.pc
2026-04-25 08:12:09,416 - aqt.updater - INFO - updater 123414865297728 Patching /home/raoul/Qt/6.7.3/gcc_64/lib/pkgconfig/Qt6Widgets.pc
2026-04-25 08:12:09,416 - aqt.updater - INFO - updater 123414865297728 Patching /home/raoul/Qt/6.7.3/gcc_64/lib/pkgconfig/Qt6QuickControls2Impl.pc
2026-04-25 08:12:09,417 - aqt.updater - INFO - updater 123414865297728 Patching /home/raoul/Qt/6.7.3/gcc_64/lib/pkgconfig/Qt6SvgWidgets.pc
2026-04-25 08:12:09,417 - aqt.updater - INFO - updater 123414865297728 Patching /home/raoul/Qt/6.7.3/gcc_64/lib/pkgconfig/Qt6QmlNetwork.pc
2026-04-25 08:12:09,417 - aqt.updater - INFO - updater 123414865297728 Patching /home/raoul/Qt/6.7.3/gcc_64/lib/pkgconfig/Qt6LabsFolderListModel.pc
2026-04-25 08:12:09,417 - aqt.updater - INFO - updater 123414865297728 Patching /home/raoul/Qt/6.7.3/gcc_64/lib/pkgconfig/Qt6QmlCompiler.pc
2026-04-25 08:12:09,417 - aqt.updater - INFO - updater 123414865297728 Patching /home/raoul/Qt/6.7.3/gcc_64/lib/pkgconfig/Qt6Platform.pc
2026-04-25 08:12:09,417 - aqt.updater - INFO - updater 123414865297728 Patching /home/raoul/Qt/6.7.3/gcc_64/lib/pkgconfig/Qt6LabsWavefrontMesh.pc
2026-04-25 08:12:09,417 - aqt.updater - INFO - updater 123414865297728 Patching /home/raoul/Qt/6.7.3/gcc_64/lib/pkgconfig/Qt6Network.pc
2026-04-25 08:12:09,417 - aqt.updater - INFO - updater 123414865297728 Patching /home/raoul/Qt/6.7.3/gcc_64/lib/pkgconfig/Qt6PrintSupport.pc
2026-04-25 08:12:09,417 - aqt.updater - INFO - updater 123414865297728 Patching /home/raoul/Qt/6.7.3/gcc_64/lib/pkgconfig/Qt6OpenGL.pc
2026-04-25 08:12:09,417 - aqt.updater - INFO - updater 123414865297728 Patching /home/raoul/Qt/6.7.3/gcc_64/lib/pkgconfig/Qt6Designer.pc
2026-04-25 08:12:09,417 - aqt.updater - INFO - updater 123414865297728 Patching /home/raoul/Qt/6.7.3/gcc_64/lib/pkgconfig/Qt6WaylandClient.pc
2026-04-25 08:12:09,417 - aqt.updater - INFO - updater 123414865297728 Patching /home/raoul/Qt/6.7.3/gcc_64/lib/pkgconfig/Qt6UiTools.pc
2026-04-25 08:12:09,417 - aqt.updater - INFO - updater 123414865297728 Patching /home/raoul/Qt/6.7.3/gcc_64/lib/pkgconfig/Qt6QuickControls2Material.pc
2026-04-25 08:12:09,417 - aqt.updater - INFO - updater 123414865297728 Patching /home/raoul/Qt/6.7.3/gcc_64/lib/pkgconfig/Qt6QuickTest.pc
2026-04-25 08:12:09,417 - aqt.updater - INFO - updater 123414865297728 Patching /home/raoul/Qt/6.7.3/gcc_64/lib/pkgconfig/Qt6Svg.pc
2026-04-25 08:12:09,417 - aqt.updater - INFO - updater 123414865297728 Patching /home/raoul/Qt/6.7.3/gcc_64/lib/pkgconfig/Qt6WebSockets.pc
2026-04-25 08:12:09,417 - aqt.updater - INFO - updater 123414865297728 Patching /home/raoul/Qt/6.7.3/gcc_64/lib/pkgconfig/Qt6OpenGLWidgets.pc
2026-04-25 08:12:09,418 - aqt.updater - INFO - updater 123414865297728 Patching /home/raoul/Qt/6.7.3/gcc_64/lib/pkgconfig/Qt6QmlBuiltins.pc
2026-04-25 08:12:09,418 - aqt.updater - INFO - updater 123414865297728 Patching /home/raoul/Qt/6.7.3/gcc_64/lib/pkgconfig/Qt6QuickControls2Fusion.pc
2026-04-25 08:12:09,418 - aqt.updater - INFO - updater 123414865297728 Patching /home/raoul/Qt/6.7.3/gcc_64/lib/pkgconfig/Qt6QuickDialogs2Utils.pc
2026-04-25 08:12:09,418 - aqt.updater - INFO - updater 123414865297728 Patching /home/raoul/Qt/6.7.3/gcc_64/lib/pkgconfig/Qt6QuickControls2BasicStyleImpl.pc
2026-04-25 08:12:09,418 - aqt.updater - INFO - updater 123414865297728 Patching /home/raoul/Qt/6.7.3/gcc_64/lib/pkgconfig/Qt6LabsSharedImage.pc
2026-04-25 08:12:09,418 - aqt.updater - INFO - updater 123414865297728 Patching /home/raoul/Qt/6.7.3/gcc_64/lib/pkgconfig/Qt6UiPlugin.pc
2026-04-25 08:12:09,418 - aqt.updater - INFO - updater 123414865297728 Patching /home/raoul/Qt/6.7.3/gcc_64/lib/pkgconfig/Qt6QuickControls2.pc
2026-04-25 08:12:09,418 - aqt.updater - INFO - updater 123414865297728 Patching /home/raoul/Qt/6.7.3/gcc_64/lib/pkgconfig/Qt6Xml.pc
2026-04-25 08:12:09,418 - aqt.updater - INFO - updater 123414865297728 Patching /home/raoul/Qt/6.7.3/gcc_64/lib/pkgconfig/Qt6Test.pc
2026-04-25 08:12:09,418 - aqt.updater - INFO - updater 123414865297728 Patching /home/raoul/Qt/6.7.3/gcc_64/lib/pkgconfig/Qt6QuickControls2MaterialStyleImpl.pc
2026-04-25 08:12:09,418 - aqt.updater - INFO - updater 123414865297728 Patching /home/raoul/Qt/6.7.3/gcc_64/lib/pkgconfig/Qt6Linguist.pc
2026-04-25 08:12:09,418 - aqt.updater - INFO - updater 123414865297728 Patching /home/raoul/Qt/6.7.3/gcc_64/lib/pkgconfig/Qt6QuickWidgets.pc
2026-04-25 08:12:09,418 - aqt.updater - INFO - updater 123414865297728 Patching /home/raoul/Qt/6.7.3/gcc_64/lib/pkgconfig/Qt6LabsSettings.pc
2026-04-25 08:12:09,419 - aqt.updater - INFO - updater 123414865297728 Patching /home/raoul/Qt/6.7.3/gcc_64/lib/libQt6WebSockets.prl
2026-04-25 08:12:09,419 - aqt.updater - INFO - updater 123414865297728 Patching /home/raoul/Qt/6.7.3/gcc_64/lib/libQt6QuickControls2Universal.prl
2026-04-25 08:12:09,419 - aqt.updater - INFO - updater 123414865297728 Patching /home/raoul/Qt/6.7.3/gcc_64/lib/libQt6Network.prl
2026-04-25 08:12:09,419 - aqt.updater - INFO - updater 123414865297728 Patching /home/raoul/Qt/6.7.3/gcc_64/lib/libQt6QmlModels.prl
2026-04-25 08:12:09,419 - aqt.updater - INFO - updater 123414865297728 Patching /home/raoul/Qt/6.7.3/gcc_64/lib/libQt6Test.prl
2026-04-25 08:12:09,419 - aqt.updater - INFO - updater 123414865297728 Patching /home/raoul/Qt/6.7.3/gcc_64/lib/libQt6QuickTemplates2.prl
2026-04-25 08:12:09,419 - aqt.updater - INFO - updater 123414865297728 Patching /home/raoul/Qt/6.7.3/gcc_64/lib/libQt6Sql.prl
2026-04-25 08:12:09,419 - aqt.updater - INFO - updater 123414865297728 Patching /home/raoul/Qt/6.7.3/gcc_64/lib/libQt6QuickEffects.prl
2026-04-25 08:12:09,419 - aqt.updater - INFO - updater 123414865297728 Patching /home/raoul/Qt/6.7.3/gcc_64/lib/libQt6QuickTest.prl
2026-04-25 08:12:09,419 - aqt.updater - INFO - updater 123414865297728 Patching /home/raoul/Qt/6.7.3/gcc_64/lib/libQt6QuickControls2ImagineStyleImpl.prl
2026-04-25 08:12:09,419 - aqt.updater - INFO - updater 123414865297728 Patching /home/raoul/Qt/6.7.3/gcc_64/lib/libQt6QuickControls2Fusion.prl
2026-04-25 08:12:09,419 - aqt.updater - INFO - updater 123414865297728 Patching /home/raoul/Qt/6.7.3/gcc_64/lib/libQt6QmlWorkerScript.prl
2026-04-25 08:12:09,419 - aqt.updater - INFO - updater 123414865297728 Patching /home/raoul/Qt/6.7.3/gcc_64/lib/libQt6Qml.prl
2026-04-25 08:12:09,420 - aqt.updater - INFO - updater 123414865297728 Patching /home/raoul/Qt/6.7.3/gcc_64/lib/libQt6XcbQpa.prl
2026-04-25 08:12:09,420 - aqt.updater - INFO - updater 123414865297728 Patching /home/raoul/Qt/6.7.3/gcc_64/lib/libQt6QuickControls2Impl.prl
2026-04-25 08:12:09,420 - aqt.updater - INFO - updater 123414865297728 Patching /home/raoul/Qt/6.7.3/gcc_64/lib/libQt6QmlDom.prl
2026-04-25 08:12:09,420 - aqt.updater - INFO - updater 123414865297728 Patching /home/raoul/Qt/6.7.3/gcc_64/lib/libQt6QuickControls2Imagine.prl
2026-04-25 08:12:09,420 - aqt.updater - INFO - updater 123414865297728 Patching /home/raoul/Qt/6.7.3/gcc_64/lib/libQt6QuickControls2Material.prl
2026-04-25 08:12:09,420 - aqt.updater - INFO - updater 123414865297728 Patching /home/raoul/Qt/6.7.3/gcc_64/lib/libQt6Quick.prl
2026-04-25 08:12:09,420 - aqt.updater - INFO - updater 123414865297728 Patching /home/raoul/Qt/6.7.3/gcc_64/lib/libQt6QuickControls2UniversalStyleImpl.prl
2026-04-25 08:12:09,420 - aqt.updater - INFO - updater 123414865297728 Patching /home/raoul/Qt/6.7.3/gcc_64/lib/libQt6PacketProtocol.prl
2026-04-25 08:12:09,420 - aqt.updater - INFO - updater 123414865297728 Patching /home/raoul/Qt/6.7.3/gcc_64/lib/libQt6Widgets.prl
2026-04-25 08:12:09,420 - aqt.updater - INFO - updater 123414865297728 Patching /home/raoul/Qt/6.7.3/gcc_64/lib/libQt6EglFsKmsSupport.prl
2026-04-25 08:12:09,420 - aqt.updater - INFO - updater 123414865297728 Patching /home/raoul/Qt/6.7.3/gcc_64/lib/libQt6DesignerComponents.prl
2026-04-25 08:12:09,420 - aqt.updater - INFO - updater 123414865297728 Patching /home/raoul/Qt/6.7.3/gcc_64/lib/libQt6WaylandEglClientHwIntegration.prl
2026-04-25 08:12:09,420 - aqt.updater - INFO - updater 123414865297728 Patching /home/raoul/Qt/6.7.3/gcc_64/lib/libQt6Help.prl
2026-04-25 08:12:09,420 - aqt.updater - INFO - updater 123414865297728 Patching /home/raoul/Qt/6.7.3/gcc_64/lib/libQt6QuickControlsTestUtils.prl
2026-04-25 08:12:09,420 - aqt.updater - INFO - updater 123414865297728 Patching /home/raoul/Qt/6.7.3/gcc_64/lib/libQt6WlShellIntegration.prl
2026-04-25 08:12:09,420 - aqt.updater - INFO - updater 123414865297728 Patching /home/raoul/Qt/6.7.3/gcc_64/lib/libQt6QuickLayouts.prl
2026-04-25 08:12:09,421 - aqt.updater - INFO - updater 123414865297728 Patching /home/raoul/Qt/6.7.3/gcc_64/lib/libQt6EglFSDeviceIntegration.prl
2026-04-25 08:12:09,421 - aqt.updater - INFO - updater 123414865297728 Patching /home/raoul/Qt/6.7.3/gcc_64/lib/libQt6LabsFolderListModel.prl
2026-04-25 08:12:09,421 - aqt.updater - INFO - updater 123414865297728 Patching /home/raoul/Qt/6.7.3/gcc_64/lib/libQt6QuickDialogs2QuickImpl.prl
2026-04-25 08:12:09,421 - aqt.updater - INFO - updater 123414865297728 Patching /home/raoul/Qt/6.7.3/gcc_64/lib/libQt6QuickShapes.prl
2026-04-25 08:12:09,421 - aqt.updater - INFO - updater 123414865297728 Patching /home/raoul/Qt/6.7.3/gcc_64/lib/libQt6LabsAnimation.prl
2026-04-25 08:12:09,421 - aqt.updater - INFO - updater 123414865297728 Patching /home/raoul/Qt/6.7.3/gcc_64/lib/libQt6Svg.prl
2026-04-25 08:12:09,421 - aqt.updater - INFO - updater 123414865297728 Patching /home/raoul/Qt/6.7.3/gcc_64/lib/libQt6QmlLS.prl
2026-04-25 08:12:09,421 - aqt.updater - INFO - updater 123414865297728 Patching /home/raoul/Qt/6.7.3/gcc_64/lib/libQt6SvgWidgets.prl
2026-04-25 08:12:09,421 - aqt.updater - INFO - updater 123414865297728 Patching /home/raoul/Qt/6.7.3/gcc_64/lib/libQt6QmlXmlListModel.prl
2026-04-25 08:12:09,421 - aqt.updater - INFO - updater 123414865297728 Patching /home/raoul/Qt/6.7.3/gcc_64/lib/libQt6QuickWidgets.prl
2026-04-25 08:12:09,421 - aqt.updater - INFO - updater 123414865297728 Patching /home/raoul/Qt/6.7.3/gcc_64/lib/libQt6DBus.prl
2026-04-25 08:12:09,421 - aqt.updater - INFO - updater 123414865297728 Patching /home/raoul/Qt/6.7.3/gcc_64/lib/libQt6LabsQmlModels.prl
2026-04-25 08:12:09,421 - aqt.updater - INFO - updater 123414865297728 Patching /home/raoul/Qt/6.7.3/gcc_64/lib/libQt6QmlBuiltins.prl
2026-04-25 08:12:09,422 - aqt.updater - INFO - updater 123414865297728 Patching /home/raoul/Qt/6.7.3/gcc_64/lib/libQt6PrintSupport.prl
2026-04-25 08:12:09,422 - aqt.updater - INFO - updater 123414865297728 Patching /home/raoul/Qt/6.7.3/gcc_64/lib/libQt6DeviceDiscoverySupport.prl
2026-04-25 08:12:09,422 - aqt.updater - INFO - updater 123414865297728 Patching /home/raoul/Qt/6.7.3/gcc_64/lib/libQt6OpenGL.prl
2026-04-25 08:12:09,422 - aqt.updater - INFO - updater 123414865297728 Patching /home/raoul/Qt/6.7.3/gcc_64/lib/libQt6Concurrent.prl
2026-04-25 08:12:09,422 - aqt.updater - INFO - updater 123414865297728 Patching /home/raoul/Qt/6.7.3/gcc_64/lib/libQt6EglFsKmsGbmSupport.prl
2026-04-25 08:12:09,422 - aqt.updater - INFO - updater 123414865297728 Patching /home/raoul/Qt/6.7.3/gcc_64/lib/libQt6QmlCore.prl
2026-04-25 08:12:09,422 - aqt.updater - INFO - updater 123414865297728 Patching /home/raoul/Qt/6.7.3/gcc_64/lib/libQt6QmlToolingSettings.prl
2026-04-25 08:12:09,422 - aqt.updater - INFO - updater 123414865297728 Patching /home/raoul/Qt/6.7.3/gcc_64/lib/libQt6QmlDebug.prl
2026-04-25 08:12:09,422 - aqt.updater - INFO - updater 123414865297728 Patching /home/raoul/Qt/6.7.3/gcc_64/lib/libQt6KmsSupport.prl
2026-04-25 08:12:09,422 - aqt.updater - INFO - updater 123414865297728 Patching /home/raoul/Qt/6.7.3/gcc_64/lib/libQt6Xml.prl
2026-04-25 08:12:09,422 - aqt.updater - INFO - updater 123414865297728 Patching /home/raoul/Qt/6.7.3/gcc_64/lib/libQt6Gui.prl
2026-04-25 08:12:09,422 - aqt.updater - INFO - updater 123414865297728 Patching /home/raoul/Qt/6.7.3/gcc_64/lib/libQt6LabsSettings.prl
2026-04-25 08:12:09,422 - aqt.updater - INFO - updater 123414865297728 Patching /home/raoul/Qt/6.7.3/gcc_64/lib/libQt6QuickDialogs2.prl
2026-04-25 08:12:09,423 - aqt.updater - INFO - updater 123414865297728 Patching /home/raoul/Qt/6.7.3/gcc_64/lib/libQt6QmlLocalStorage.prl
2026-04-25 08:12:09,423 - aqt.updater - INFO - updater 123414865297728 Patching /home/raoul/Qt/6.7.3/gcc_64/lib/libQt6ExampleIcons.prl
2026-04-25 08:12:09,423 - aqt.updater - INFO - updater 123414865297728 Patching /home/raoul/Qt/6.7.3/gcc_64/lib/libQt6QmlCompiler.prl
2026-04-25 08:12:09,423 - aqt.updater - INFO - updater 123414865297728 Patching /home/raoul/Qt/6.7.3/gcc_64/lib/libQt6WaylandClient.prl
2026-04-25 08:12:09,423 - aqt.updater - INFO - updater 123414865297728 Patching /home/raoul/Qt/6.7.3/gcc_64/lib/libQt6LabsWavefrontMesh.prl
2026-04-25 08:12:09,423 - aqt.updater - INFO - updater 123414865297728 Patching /home/raoul/Qt/6.7.3/gcc_64/lib/libQt6QuickControls2FusionStyleImpl.prl
2026-04-25 08:12:09,423 - aqt.updater - INFO - updater 123414865297728 Patching /home/raoul/Qt/6.7.3/gcc_64/lib/libQt6FbSupport.prl
2026-04-25 08:12:09,423 - aqt.updater - INFO - updater 123414865297728 Patching /home/raoul/Qt/6.7.3/gcc_64/lib/libQt6UiTools.prl
2026-04-25 08:12:09,423 - aqt.updater - INFO - updater 123414865297728 Patching /home/raoul/Qt/6.7.3/gcc_64/lib/libQt6QuickControls2Basic.prl
2026-04-25 08:12:09,423 - aqt.updater - INFO - updater 123414865297728 Patching /home/raoul/Qt/6.7.3/gcc_64/lib/libQt6LabsSharedImage.prl
2026-04-25 08:12:09,423 - aqt.updater - INFO - updater 123414865297728 Patching /home/raoul/Qt/6.7.3/gcc_64/lib/libQt6Designer.prl
2026-04-25 08:12:09,423 - aqt.updater - INFO - updater 123414865297728 Patching /home/raoul/Qt/6.7.3/gcc_64/lib/libQt6QuickControls2BasicStyleImpl.prl
2026-04-25 08:12:09,423 - aqt.updater - INFO - updater 123414865297728 Patching /home/raoul/Qt/6.7.3/gcc_64/lib/libQt6QuickControls2MaterialStyleImpl.prl
2026-04-25 08:12:09,423 - aqt.updater - INFO - updater 123414865297728 Patching /home/raoul/Qt/6.7.3/gcc_64/lib/libQt6QmlNetwork.prl
2026-04-25 08:12:09,423 - aqt.updater - INFO - updater 123414865297728 Patching /home/raoul/Qt/6.7.3/gcc_64/lib/libQt6QuickTestUtils.prl
2026-04-25 08:12:09,424 - aqt.updater - INFO - updater 123414865297728 Patching /home/raoul/Qt/6.7.3/gcc_64/lib/libQt6QuickControls2.prl
2026-04-25 08:12:09,424 - aqt.updater - INFO - updater 123414865297728 Patching /home/raoul/Qt/6.7.3/gcc_64/lib/libQt6QuickDialogs2Utils.prl
2026-04-25 08:12:09,424 - aqt.updater - INFO - updater 123414865297728 Patching /home/raoul/Qt/6.7.3/gcc_64/lib/libQt6OpenGLWidgets.prl
2026-04-25 08:12:09,424 - aqt.updater - INFO - updater 123414865297728 Patching /home/raoul/Qt/6.7.3/gcc_64/lib/libQt6Core.prl
2026-04-25 08:12:09,424 - aqt.updater - INFO - updater 123414865297728 Patching /home/raoul/Qt/6.7.3/gcc_64/lib/libQt6InputSupport.prl
2026-04-25 08:12:09,424 - aqt.updater - INFO - updater 123414865297728 Patching /home/raoul/Qt/6.7.3/gcc_64/lib/libQt6QuickParticles.prl
2026-04-25 08:12:09,424 - aqt.updater - INFO - updater 123414865297728 Patching /home/raoul/Qt/6.7.3/gcc_64/lib/libQt6QmlTypeRegistrar.prl
2026-04-25 08:12:09,424 - aqt.main - INFO - installer 123414865297728 Finished installation
2026-04-25 08:12:09,424 - aqt.main - INFO - installer 123414865297728 Time elapsed: 15.90256072 second
